<?xml version="1.0" encoding="UTF-8"?>
<!-- Generated by org.testng.reporters.JUnitReportReporter -->
<testsuite hostname="PPG-3RC2R14" failures="0" tests="1" name="testRunner.Runner" time="26.007" errors="0" timestamp="2024-06-27T14:03:15 IST" skipped="0">
  <testcase classname="testRunner.Runner" name="runScenario" time="26.007"/>
  <system-out/>
</testsuite> <!-- testRunner.Runner -->
