<?xml version="1.0" encoding="UTF-8"?>
<!-- Generated by org.testng.reporters.JUnitReportReporter -->
<testsuite hostname="PPG-3RC2R14" failures="0" tests="2" name="testRunner.Runner" time="24.091" errors="0" timestamp="2024-06-26T15:53:02 IST" skipped="0">
  <testcase classname="testRunner.Runner" name="runScenario" time="13.610"/>
  <system-out/>
  <testcase classname="testRunner.Runner" name="runScenario" time="10.481"/>
  <system-out/>
</testsuite> <!-- testRunner.Runner -->
